<?xml version="1.0" encoding="UTF-8"?>
<!-- Generated by org.testng.reporters.JUnitReportReporter -->
<testsuite hostname="TYSS-Chaithra" failures="0" tests="1" name="practice.AddToCartTest" time="0.009" errors="0" timestamp="2022-09-13T11:14:59 IST" skipped="0">
  <testcase classname="practice.AddToCartTest" name="addToCartTest" time="0.009"/>
  <system-out/>
</testsuite> <!-- practice.AddToCartTest -->
