<?xml version="1.0" encoding="UTF-8"?>
<!-- Generated by org.testng.reporters.JUnitReportReporter -->
<testsuite hostname="TYSS-Chaithra" failures="0" tests="1" name="practice.AddToCartTest" time="0.008" errors="0" timestamp="2022-09-13T11:05:25 IST" skipped="0">
  <testcase classname="practice.AddToCartTest" name="removeFromCartTest" time="0.008"/>
  <system-out/>
</testsuite> <!-- practice.AddToCartTest -->
